<?xml version="1.0" encoding="UTF-8"?>
<!-- Generated by org.testng.reporters.JUnitReportReporter -->
<testsuite hostname="LTIN508179" failures="0" tests="1" name="testCases.Health_Insurance_Tc" time="3.137" errors="0" timestamp="2024-04-18T21:48:57 IST" skipped="0">
  <testcase classname="testCases.Health_Insurance_Tc" name="healthInsuranceMenuItems" time="3.137"/>
</testsuite> <!-- testCases.Health_Insurance_Tc -->
