<?xml version="1.0" encoding="UTF-8"?>
<!-- Generated by org.testng.reporters.JUnitReportReporter -->
<testsuite hostname="LTIN508179" failures="0" tests="3" name="testRunner.Test_Runner" time="100.290" errors="0" timestamp="2024-04-18T21:25:54 IST" skipped="0">
  <testcase classname="testRunner.Test_Runner" name="runScenario" time="58.688"/>
  <testcase classname="testRunner.Test_Runner" name="runScenario" time="27.791"/>
  <testcase classname="testRunner.Test_Runner" name="runScenario" time="13.811"/>
</testsuite> <!-- testRunner.Test_Runner -->
