<?xml version="1.0" encoding="UTF-8"?>
<!-- Generated by org.testng.reporters.JUnitReportReporter -->
<testsuite hostname="LTIN508179" failures="0" tests="4" name="testCases.Travel_Insurance_Tc" time="42.057" errors="0" timestamp="2024-04-18T21:48:57 IST" skipped="0">
  <testcase classname="testCases.Travel_Insurance_Tc" name="clickTravelInsurance" time="9.155"/>
  <testcase classname="testCases.Travel_Insurance_Tc" name="clickDates" time="10.925"/>
  <testcase classname="testCases.Travel_Insurance_Tc" name="selectAges" time="10.769"/>
  <testcase classname="testCases.Travel_Insurance_Tc" name="enterContactDetais" time="11.208"/>
</testsuite> <!-- testCases.Travel_Insurance_Tc -->
