<?xml version="1.0" encoding="UTF-8"?>
<!-- Generated by org.testng.reporters.JUnitReportReporter -->
<testsuite hostname="LTIN508179" failures="0" tests="1" name="testCases.Car_Insurance_Tc" time="16.338" errors="0" timestamp="2024-04-18T21:48:57 IST" skipped="0">
  <testcase classname="testCases.Car_Insurance_Tc" name="sel_NewCar_forInsurance" time="16.338"/>
</testsuite> <!-- testCases.Car_Insurance_Tc -->
