<?xml version="1.0" encoding="UTF-8"?>
<!-- Generated by org.testng.reporters.JUnitReportReporter -->
<testsuite hostname="LTIN508179" failures="0" tests="4" name="testCases.Car_Insurance_Tc" time="173.186" errors="0" timestamp="2024-04-18T11:04:46 IST" skipped="0">
  <testcase classname="testCases.Car_Insurance_Tc" name="sel_NewCar_forInsurance" time="17.536"/>
  <testcase classname="testCases.Car_Insurance_Tc" name="sendData" time="0.585"/>
  <testcase classname="testCases.Car_Insurance_Tc" name="email_Capture_ErrorMessage" time="0.223"/>
  <testcase classname="testCases.Car_Insurance_Tc" name="navigateBack" time="154.842"/>
</testsuite> <!-- testCases.Car_Insurance_Tc -->
